<?xml version="1.0" encoding="UTF-8"?>
<!-- Generated by org.testng.reporters.JUnitXMLReporter -->
<testsuite hostname="DEITY-3015A-103" name="Test" tests="4" failures="0" timestamp="15 Dec 2015 11:15:26 GMT" time="0.147" errors="0">
  <testcase name="@BeforeClass set_up" time="0.0" classname="homepage.imp_methods">
    <failure type="java.lang.NullPointerException">
      <![CDATA[java.lang.NullPointerException
	at homepage.all_ids.<init>(all_ids.java:16)
	at homepage.launch_config.set_up(launch_config.java:51)
... Removed 24 stack frames]]>
    </failure>
  </testcase> <!-- @BeforeClass set_up -->
  <testcase name="@BeforeClass set_up" time="0.0" classname="homepage.homepage_test">
    <skipped/>
  </testcase> <!-- @BeforeClass set_up -->
  <testcase name="getscreenshot" time="0.001" classname="homepage.imp_methods">
    <skipped/>
  </testcase> <!-- getscreenshot -->
  <testcase name="check_skip" time="0.001" classname="homepage.homepage_test">
    <skipped/>
  </testcase> <!-- check_skip -->
  <testcase name="check_titl" time="0.001" classname="homepage.homepage_test">
    <skipped/>
  </testcase> <!-- check_titl -->
  <testcase name="login" time="0.0" classname="homepage.homepage_test">
    <skipped/>
  </testcase> <!-- login -->
</testsuite> <!-- Test -->
